<?xml version="1.0" encoding="UTF-8"?>
<testng-results skipped="0" failed="0" total="2" passed="2">
  <reporter-output>
  </reporter-output>
  <suite name="Default suite" duration-ms="38897" started-at="2018-03-24T07:10:52Z" finished-at="2018-03-24T07:11:31Z">
    <groups>
    </groups>
    <test name="Default test" duration-ms="38897" started-at="2018-03-24T07:10:52Z" finished-at="2018-03-24T07:11:31Z">
      <class name="com.istar.qa.test.CreateLesson">
        <test-method status="PASS" signature="LaunchURL()[pri:0, instance:com.istar.qa.test.CreateLesson@271053e1]" name="LaunchURL" is-config="true" duration-ms="9587" started-at="2018-03-24T12:40:52Z" finished-at="2018-03-24T12:41:01Z">
          <reporter-output>
          </reporter-output>
        </test-method> <!-- LaunchURL -->
        <test-method status="PASS" signature="Login()[pri:1, instance:com.istar.qa.test.CreateLesson@271053e1]" name="Login" duration-ms="8144" started-at="2018-03-24T12:41:01Z" finished-at="2018-03-24T12:41:09Z">
          <reporter-output>
          </reporter-output>
        </test-method> <!-- Login -->
        <test-method status="PASS" signature="CreateLesson1()[pri:2, instance:com.istar.qa.test.CreateLesson@271053e1]" name="CreateLesson1" duration-ms="21140" started-at="2018-03-24T12:41:09Z" finished-at="2018-03-24T12:41:31Z">
          <reporter-output>
          </reporter-output>
        </test-method> <!-- CreateLesson1 -->
      </class> <!-- com.istar.qa.test.CreateLesson -->
    </test> <!-- Default test -->
  </suite> <!-- Default suite -->
</testng-results>
